<?xml version="1.0" encoding="UTF-8"?>
<!-- Generated by org.testng.reporters.JUnitReportReporter -->
<testsuite skipped="0" hostname="DESKTOP-RTS8LFV" name="testcases.TC001_Fastest_Flight_Price" tests="3" failures="0" timestamp="2020-04-01T21:50:17 IST" time="173.998" errors="0">
  <testcase name="fastestFlightPrice" time="54.122" classname="testcases.TC001_Fastest_Flight_Price"/>
  <testcase name="fastestFlightPrice" time="49.312" classname="testcases.TC001_Fastest_Flight_Price"/>
  <testcase name="fastestFlightPrice" time="70.564" classname="testcases.TC001_Fastest_Flight_Price"/>
</testsuite> <!-- testcases.TC001_Fastest_Flight_Price -->
