<?xml version="1.0" encoding="UTF-8"?>
<!-- Generated by org.testng.reporters.JUnitReportReporter -->
<testsuite skipped="0" hostname="DESKTOP-RTS8LFV" name="testcases.TC001_Fastest_Flight_Price" tests="3" failures="0" timestamp="2020-03-27T15:08:59 IST" time="181.336" errors="0">
  <testcase name="fastestFlightPrice" time="62.604" classname="testcases.TC001_Fastest_Flight_Price"/>
  <testcase name="fastestFlightPrice" time="57.404" classname="testcases.TC001_Fastest_Flight_Price"/>
  <testcase name="fastestFlightPrice" time="61.328" classname="testcases.TC001_Fastest_Flight_Price"/>
</testsuite> <!-- testcases.TC001_Fastest_Flight_Price -->
