<?xml version="1.0" encoding="UTF-8"?>
<!-- Generated by org.testng.reporters.JUnitReportReporter -->
<testsuite skipped="0" hostname="DESKTOP-RTS8LFV" name="testcases.TC001_Fastest_Flight_Price" tests="3" failures="0" timestamp="2020-04-03T20:53:50 IST" time="179.064" errors="0">
  <testcase name="fastestFlightPrice" time="61.874" classname="testcases.TC001_Fastest_Flight_Price"/>
  <testcase name="fastestFlightPrice" time="49.821" classname="testcases.TC001_Fastest_Flight_Price"/>
  <testcase name="fastestFlightPrice" time="67.369" classname="testcases.TC001_Fastest_Flight_Price"/>
</testsuite> <!-- testcases.TC001_Fastest_Flight_Price -->
